2021-03-26 11:41:03,386 - INFO - 
+--------------------------+------------------------------------+
|        Parameter         |               Value                |
+==========================+====================================+
| Alpha                    | 0.500                              |
+--------------------------+------------------------------------+
| Attention dim            | 200                                |
+--------------------------+------------------------------------+
| Attention penalization   | 1                                  |
+--------------------------+------------------------------------+
| Batch size               | 32                                 |
+--------------------------+------------------------------------+
| Checkpoint steps         | 10                                 |
+--------------------------+------------------------------------+
| Decay rate               | 0.950                              |
+--------------------------+------------------------------------+
| Decay steps              | 500                                |
+--------------------------+------------------------------------+
| Dropout rate             | 0.500                              |
+--------------------------+------------------------------------+
| Embedding dim            | 100                                |
+--------------------------+------------------------------------+
| Embedding type           | 1                                  |
+--------------------------+------------------------------------+
| Epochs                   | 20                                 |
+--------------------------+------------------------------------+
| Evaluate steps           | 10                                 |
+--------------------------+------------------------------------+
| Fc dim                   | 512                                |
+--------------------------+------------------------------------+
| Gpu options allow growth | 1                                  |
+--------------------------+------------------------------------+
| L2 lambda                | 0                                  |
+--------------------------+------------------------------------+
| Learning rate            | 0.001                              |
+--------------------------+------------------------------------+
| Log device placement     | 0                                  |
+--------------------------+------------------------------------+
| Lstm dim                 | 256                                |
+--------------------------+------------------------------------+
| Lstm layers              | 1                                  |
+--------------------------+------------------------------------+
| Metadata file            | /data/metadata.tsv                 |
+--------------------------+------------------------------------+
| Norm ratio               | 1.250                              |
+--------------------------+------------------------------------+
| Num checkpoints          | 5                                  |
+--------------------------+------------------------------------+
| Num classes list         | [9, 128, 661, 8364]                |
+--------------------------+------------------------------------+
| Pad seq len              | 150                                |
+--------------------------+------------------------------------+
| Test file                | /data/Test_sample.json             |
+--------------------------+------------------------------------+
| Threshold                | 0.500                              |
+--------------------------+------------------------------------+
| Topk                     | 5                                  |
+--------------------------+------------------------------------+
| Total classes            | 9162                               |
+--------------------------+------------------------------------+
| Train file               | /data/Train_sample.json            |
+--------------------------+------------------------------------+
| Validation file          | /data/Validation_sample.json       |
+--------------------------+------------------------------------+
| Word2vec file            | /data/word2vec_100/word2vec_100.kv |
+--------------------------+------------------------------------+
2021-03-26 11:41:51,356 - INFO - 
+--------------------------+------------------------------------+
|        Parameter         |               Value                |
+==========================+====================================+
| Alpha                    | 0.500                              |
+--------------------------+------------------------------------+
| Attention dim            | 200                                |
+--------------------------+------------------------------------+
| Attention penalization   | 1                                  |
+--------------------------+------------------------------------+
| Batch size               | 32                                 |
+--------------------------+------------------------------------+
| Checkpoint steps         | 10                                 |
+--------------------------+------------------------------------+
| Decay rate               | 0.950                              |
+--------------------------+------------------------------------+
| Decay steps              | 500                                |
+--------------------------+------------------------------------+
| Dropout rate             | 0.500                              |
+--------------------------+------------------------------------+
| Embedding dim            | 100                                |
+--------------------------+------------------------------------+
| Embedding type           | 1                                  |
+--------------------------+------------------------------------+
| Epochs                   | 20                                 |
+--------------------------+------------------------------------+
| Evaluate steps           | 10                                 |
+--------------------------+------------------------------------+
| Fc dim                   | 512                                |
+--------------------------+------------------------------------+
| Gpu options allow growth | 1                                  |
+--------------------------+------------------------------------+
| L2 lambda                | 0                                  |
+--------------------------+------------------------------------+
| Learning rate            | 0.001                              |
+--------------------------+------------------------------------+
| Log device placement     | 0                                  |
+--------------------------+------------------------------------+
| Lstm dim                 | 256                                |
+--------------------------+------------------------------------+
| Lstm layers              | 1                                  |
+--------------------------+------------------------------------+
| Metadata file            | /data/metadata.tsv                 |
+--------------------------+------------------------------------+
| Norm ratio               | 1.250                              |
+--------------------------+------------------------------------+
| Num checkpoints          | 5                                  |
+--------------------------+------------------------------------+
| Num classes list         | [9, 128, 661, 8364]                |
+--------------------------+------------------------------------+
| Pad seq len              | 150                                |
+--------------------------+------------------------------------+
| Test file                | /data/Test_sample.json             |
+--------------------------+------------------------------------+
| Threshold                | 0.500                              |
+--------------------------+------------------------------------+
| Topk                     | 5                                  |
+--------------------------+------------------------------------+
| Total classes            | 9162                               |
+--------------------------+------------------------------------+
| Train file               | /data/Train_sample.json            |
+--------------------------+------------------------------------+
| Validation file          | /data/Validation_sample.json       |
+--------------------------+------------------------------------+
| Word2vec file            | /data/word2vec_100/word2vec_100.kv |
+--------------------------+------------------------------------+
